{
  "stats": {
    "suites": 5,
    "tests": 17,
    "passes": 16,
    "pending": 0,
    "failures": 1,
    "testsRegistered": 17,
    "passPercent": 94.11764705882354,
    "pendingPercent": 0,
    "other": 0,
    "hasOther": false,
    "skipped": 0,
    "hasSkipped": false,
    "start": "2024-08-11T09:29:56.401Z",
    "end": "2024-08-11T09:30:34.833Z",
    "duration": 38432
  },
  "results": [
    {
      "uuid": "397c0c1b-09e1-4f2b-ab1b-08da0948943a",
      "title": "",
      "fullFile": "cypress/e2e/Home.cy.js",
      "file": "cypress/e2e/Home.cy.js",
      "beforeHooks": [],
      "afterHooks": [],
      "tests": [],
      "suites": [
        {
          "uuid": "18922e33-b498-4bb2-9a61-8fcc3fc70138",
          "title": "Home Page",
          "fullFile": "",
          "file": "",
          "beforeHooks": [],
          "afterHooks": [],
          "tests": [
            {
              "title": "renders the main menu heading",
              "fullTitle": "Home Page renders the main menu heading",
              "timedOut": null,
              "duration": 2089,
              "state": "passed",
              "speed": "fast",
              "pass": true,
              "fail": false,
              "pending": false,
              "context": null,
              "code": "cy.contains('Main Menu').should('be.visible');",
              "err": {},
              "uuid": "bc785413-a058-49eb-8301-e654599643c9",
              "parentUUID": "18922e33-b498-4bb2-9a61-8fcc3fc70138",
              "isHook": false,
              "skipped": false
            },
            {
              "title": "renders the subheading",
              "fullTitle": "Home Page renders the subheading",
              "timedOut": null,
              "duration": 2129,
              "state": "passed",
              "speed": "fast",
              "pass": true,
              "fail": false,
              "pending": false,
              "context": null,
              "code": "cy.contains('Select from one of the options below').should('be.visible');",
              "err": {},
              "uuid": "e5dca7cd-4c14-467f-890f-513064dd10a5",
              "parentUUID": "18922e33-b498-4bb2-9a61-8fcc3fc70138",
              "isHook": false,
              "skipped": false
            },
            {
              "title": "renders all menu items with correct text",
              "fullTitle": "Home Page renders all menu items with correct text",
              "timedOut": null,
              "duration": 1842,
              "state": "passed",
              "speed": "fast",
              "pass": true,
              "fail": false,
              "pending": false,
              "context": null,
              "code": "const menuItems = ['Party', 'Trails', 'Store', 'Pokédex'];\nmenuItems.forEach(item => {\n  cy.contains(item).should('be.visible');\n});",
              "err": {},
              "uuid": "53ea1a67-553d-42eb-9f9a-a82f3c0ae4a9",
              "parentUUID": "18922e33-b498-4bb2-9a61-8fcc3fc70138",
              "isHook": false,
              "skipped": false
            },
            {
              "title": "navigates to the correct page when a menu item is clicked",
              "fullTitle": "Home Page navigates to the correct page when a menu item is clicked",
              "timedOut": null,
              "duration": 2274,
              "state": "passed",
              "speed": "fast",
              "pass": true,
              "fail": false,
              "pending": false,
              "context": null,
              "code": "cy.contains('Party').click();\ncy.url().should('include', '/party');\ncy.visit('https://dev.poketrails.com/home'); // Go back to the home page\ncy.contains('Store').click();\ncy.url().should('include', '/store');\ncy.visit('https://dev.poketrails.com/home'); // Go back to the home page\ncy.contains('Pokédex').click();\ncy.url().should('include', '/pokedex');",
              "err": {},
              "uuid": "9745596c-4fd7-462b-b794-963cf9de2882",
              "parentUUID": "18922e33-b498-4bb2-9a61-8fcc3fc70138",
              "isHook": false,
              "skipped": false
            }
          ],
          "suites": [],
          "passes": [
            "bc785413-a058-49eb-8301-e654599643c9",
            "e5dca7cd-4c14-467f-890f-513064dd10a5",
            "53ea1a67-553d-42eb-9f9a-a82f3c0ae4a9",
            "9745596c-4fd7-462b-b794-963cf9de2882"
          ],
          "failures": [],
          "pending": [],
          "skipped": [],
          "duration": 8334,
          "root": false,
          "rootEmpty": false,
          "_timeout": 2000
        }
      ],
      "passes": [],
      "failures": [],
      "pending": [],
      "skipped": [],
      "duration": 0,
      "root": true,
      "rootEmpty": true,
      "_timeout": 2000
    },
    {
      "uuid": "e9e1d751-30cf-4dbf-acf0-9a33be4996bf",
      "title": "",
      "fullFile": "cypress/e2e/LoginForm.cy.js",
      "file": "cypress/e2e/LoginForm.cy.js",
      "beforeHooks": [],
      "afterHooks": [],
      "tests": [],
      "suites": [
        {
          "uuid": "e19bcf2f-5849-4f6f-a88d-68608a9b2a2b",
          "title": "Login Form",
          "fullFile": "",
          "file": "",
          "beforeHooks": [],
          "afterHooks": [],
          "tests": [
            {
              "title": "logs in successfully with valid credentials",
              "fullTitle": "Login Form logs in successfully with valid credentials",
              "timedOut": null,
              "duration": 1825,
              "state": "passed",
              "speed": "fast",
              "pass": true,
              "fail": false,
              "pending": false,
              "context": null,
              "code": "// Use fixture data for valid credentials\ncy.get('@loginData').then(login => {\n  cy.get('#username').type(login.validUser.username);\n  cy.get('#password').type(login.validUser.password);\n  // Submit the form\n  cy.get('button[type=submit]').click();\n  // Check if redirected to the home page\n  cy.url().should('include', '/home');\n});",
              "err": {},
              "uuid": "6eb42e16-d7a9-421a-928c-ca7320b1ef1f",
              "parentUUID": "e19bcf2f-5849-4f6f-a88d-68608a9b2a2b",
              "isHook": false,
              "skipped": false
            },
            {
              "title": "shows an error message on login failure",
              "fullTitle": "Login Form shows an error message on login failure",
              "timedOut": null,
              "duration": 1167,
              "state": "passed",
              "speed": "fast",
              "pass": true,
              "fail": false,
              "pending": false,
              "context": null,
              "code": "// Use fixture data for invalid credentials\ncy.get('@loginData').then(login => {\n  cy.get('#username').type(login.invalidUser.username);\n  cy.get('#password').type(login.invalidUser.password);\n  // Submit the form\n  cy.get('button[type=submit]').click();\n  // Check if an error message is displayed\n  cy.contains('Error: Incorrect username or password').should('be.visible');\n});",
              "err": {},
              "uuid": "4b644f36-ff55-48a9-b06d-8c1ea9f90b0d",
              "parentUUID": "e19bcf2f-5849-4f6f-a88d-68608a9b2a2b",
              "isHook": false,
              "skipped": false
            }
          ],
          "suites": [],
          "passes": [
            "6eb42e16-d7a9-421a-928c-ca7320b1ef1f",
            "4b644f36-ff55-48a9-b06d-8c1ea9f90b0d"
          ],
          "failures": [],
          "pending": [],
          "skipped": [],
          "duration": 2992,
          "root": false,
          "rootEmpty": false,
          "_timeout": 2000
        }
      ],
      "passes": [],
      "failures": [],
      "pending": [],
      "skipped": [],
      "duration": 0,
      "root": true,
      "rootEmpty": true,
      "_timeout": 2000
    },
    {
      "uuid": "a78376a2-358b-4393-9312-fd09c4e0f518",
      "title": "",
      "fullFile": "cypress/e2e/MenuItem.cy.js",
      "file": "cypress/e2e/MenuItem.cy.js",
      "beforeHooks": [],
      "afterHooks": [],
      "tests": [],
      "suites": [
        {
          "uuid": "095fe453-7bf1-416b-b982-058a8088d58d",
          "title": "MenuItem Component",
          "fullFile": "",
          "file": "",
          "beforeHooks": [],
          "afterHooks": [],
          "tests": [
            {
              "title": "renders menu items with correct images and alt text",
              "fullTitle": "MenuItem Component renders menu items with correct images and alt text",
              "timedOut": null,
              "duration": 1837,
              "state": "passed",
              "speed": "fast",
              "pass": true,
              "fail": false,
              "pending": false,
              "context": null,
              "code": "cy.get('img[alt=\"Party Page Icon\"]').should('be.visible');\ncy.get('img[alt=\"Trail page icon\"]').should('be.visible');\ncy.get('img[alt=\"Store Page Icon\"]').should('be.visible');\ncy.get('img[alt=\"Pokédex Page Icon\"]').should('be.visible');",
              "err": {},
              "uuid": "3e6b1387-4d9d-4c52-bbdd-451135bc6aba",
              "parentUUID": "095fe453-7bf1-416b-b982-058a8088d58d",
              "isHook": false,
              "skipped": false
            },
            {
              "title": "buttons navigate to correct paths",
              "fullTitle": "MenuItem Component buttons navigate to correct paths",
              "timedOut": null,
              "duration": 1658,
              "state": "passed",
              "speed": "fast",
              "pass": true,
              "fail": false,
              "pending": false,
              "context": null,
              "code": "cy.contains('Party').click();\ncy.url().should('include', '/party');\ncy.visit('https://dev.poketrails.com/home'); // Go back to the home page\ncy.contains('Trails').click();\ncy.url().should('include', '/trails');",
              "err": {},
              "uuid": "2af6c477-02f6-4070-aa81-7a7ef716873e",
              "parentUUID": "095fe453-7bf1-416b-b982-058a8088d58d",
              "isHook": false,
              "skipped": false
            }
          ],
          "suites": [],
          "passes": [
            "3e6b1387-4d9d-4c52-bbdd-451135bc6aba",
            "2af6c477-02f6-4070-aa81-7a7ef716873e"
          ],
          "failures": [],
          "pending": [],
          "skipped": [],
          "duration": 3495,
          "root": false,
          "rootEmpty": false,
          "_timeout": 2000
        }
      ],
      "passes": [],
      "failures": [],
      "pending": [],
      "skipped": [],
      "duration": 0,
      "root": true,
      "rootEmpty": true,
      "_timeout": 2000
    },
    {
      "uuid": "5e746ed3-c1ed-4901-b091-663ebdce6a1d",
      "title": "",
      "fullFile": "cypress/e2e/Navbar.cy.js",
      "file": "cypress/e2e/Navbar.cy.js",
      "beforeHooks": [],
      "afterHooks": [],
      "tests": [],
      "suites": [
        {
          "uuid": "94c33b2d-b93c-4009-be6d-0bcf50abb2d0",
          "title": "Navbar",
          "fullFile": "",
          "file": "",
          "beforeHooks": [],
          "afterHooks": [],
          "tests": [],
          "suites": [
            {
              "uuid": "84170973-8f7c-40e6-a08e-7cf10cb62bf9",
              "title": "When logged in",
              "fullFile": "",
              "file": "",
              "beforeHooks": [],
              "afterHooks": [],
              "tests": [
                {
                  "title": "should display the app logo on navbar",
                  "fullTitle": "Navbar When logged in should display the app logo on navbar",
                  "timedOut": null,
                  "duration": 1954,
                  "state": "passed",
                  "speed": "fast",
                  "pass": true,
                  "fail": false,
                  "pending": false,
                  "context": null,
                  "code": "cy.get('.MuiTypography-h6 > img').should('be.visible');",
                  "err": {},
                  "uuid": "af30a026-e6c4-4286-9c75-cdb7d9cf8faa",
                  "parentUUID": "84170973-8f7c-40e6-a08e-7cf10cb62bf9",
                  "isHook": false,
                  "skipped": false
                },
                {
                  "title": "should show navigation buttons for all pages on desktop",
                  "fullTitle": "Navbar When logged in should show navigation buttons for all pages on desktop",
                  "timedOut": null,
                  "duration": 1578,
                  "state": "passed",
                  "speed": "fast",
                  "pass": true,
                  "fail": false,
                  "pending": false,
                  "context": null,
                  "code": "const pages = ['Home', 'Party', 'Trails', 'Pokédex', 'Store'];\ncy.viewport('macbook-15');\npages.forEach(page => {\n  cy.contains(page).should('be.visible');\n});",
                  "err": {},
                  "uuid": "477ee327-7f93-4b5a-9d5d-0ddb51891925",
                  "parentUUID": "84170973-8f7c-40e6-a08e-7cf10cb62bf9",
                  "isHook": false,
                  "skipped": false
                },
                {
                  "title": "should navigate to correct pages when navigation buttons are clicked",
                  "fullTitle": "Navbar When logged in should navigate to correct pages when navigation buttons are clicked",
                  "timedOut": null,
                  "duration": 1949,
                  "state": "passed",
                  "speed": "fast",
                  "pass": true,
                  "fail": false,
                  "pending": false,
                  "context": null,
                  "code": "cy.contains('Party').click();\ncy.url().should('include', '/party');\ncy.contains('Trails').click();\ncy.url().should('include', '/trails');",
                  "err": {},
                  "uuid": "6f06223f-41ae-46d5-ba73-5f618fd8f625",
                  "parentUUID": "84170973-8f7c-40e6-a08e-7cf10cb62bf9",
                  "isHook": false,
                  "skipped": false
                }
              ],
              "suites": [],
              "passes": [
                "af30a026-e6c4-4286-9c75-cdb7d9cf8faa",
                "477ee327-7f93-4b5a-9d5d-0ddb51891925",
                "6f06223f-41ae-46d5-ba73-5f618fd8f625"
              ],
              "failures": [],
              "pending": [],
              "skipped": [],
              "duration": 5481,
              "root": false,
              "rootEmpty": false,
              "_timeout": 2000
            },
            {
              "uuid": "14056473-1190-42dc-9ad2-b892946e5a77",
              "title": "When logged out",
              "fullFile": "",
              "file": "",
              "beforeHooks": [],
              "afterHooks": [],
              "tests": [
                {
                  "title": "should display the Sign Up/Log In button",
                  "fullTitle": "Navbar When logged out should display the Sign Up/Log In button",
                  "timedOut": null,
                  "duration": 216,
                  "state": "passed",
                  "speed": "fast",
                  "pass": true,
                  "fail": false,
                  "pending": false,
                  "context": null,
                  "code": "cy.visit('https://dev.poketrails.com/login'); // Go to login page\ncy.get('.MuiButton-outlined').should('be.visible');\ncy.visit('https://dev.poketrails.com/login'); // Go to sign up page\ncy.get('.MuiButton-outlined').should('be.visible');",
                  "err": {},
                  "uuid": "635ddf37-cd48-4a87-8235-9a4d7f0ae593",
                  "parentUUID": "14056473-1190-42dc-9ad2-b892946e5a77",
                  "isHook": false,
                  "skipped": false
                },
                {
                  "title": "should navigate to login page on clicking Sign Up button",
                  "fullTitle": "Navbar When logged out should navigate to login page on clicking Sign Up button",
                  "timedOut": null,
                  "duration": 193,
                  "state": "passed",
                  "speed": "fast",
                  "pass": true,
                  "fail": false,
                  "pending": false,
                  "context": null,
                  "code": "cy.visit('https://dev.poketrails.com/login');\ncy.get('.MuiButton-outlined').click();\ncy.url().should('include', '/signup');",
                  "err": {},
                  "uuid": "0a023ef2-2951-4fbf-a83b-fbbc009f1c3a",
                  "parentUUID": "14056473-1190-42dc-9ad2-b892946e5a77",
                  "isHook": false,
                  "skipped": false
                },
                {
                  "title": "should navigate to login page on clicking Log In button",
                  "fullTitle": "Navbar When logged out should navigate to login page on clicking Log In button",
                  "timedOut": null,
                  "duration": 190,
                  "state": "passed",
                  "speed": "fast",
                  "pass": true,
                  "fail": false,
                  "pending": false,
                  "context": null,
                  "code": "cy.visit('https://dev.poketrails.com/signup');\ncy.get('.MuiButton-outlined').click();\ncy.url().should('include', '/login');",
                  "err": {},
                  "uuid": "7337318d-a2f2-436b-8f0a-e383d3a45a59",
                  "parentUUID": "14056473-1190-42dc-9ad2-b892946e5a77",
                  "isHook": false,
                  "skipped": false
                }
              ],
              "suites": [],
              "passes": [
                "635ddf37-cd48-4a87-8235-9a4d7f0ae593",
                "0a023ef2-2951-4fbf-a83b-fbbc009f1c3a",
                "7337318d-a2f2-436b-8f0a-e383d3a45a59"
              ],
              "failures": [],
              "pending": [],
              "skipped": [],
              "duration": 599,
              "root": false,
              "rootEmpty": false,
              "_timeout": 2000
            }
          ],
          "passes": [],
          "failures": [],
          "pending": [],
          "skipped": [],
          "duration": 0,
          "root": false,
          "rootEmpty": false,
          "_timeout": 2000
        }
      ],
      "passes": [],
      "failures": [],
      "pending": [],
      "skipped": [],
      "duration": 0,
      "root": true,
      "rootEmpty": true,
      "_timeout": 2000
    },
    {
      "uuid": "b58a779d-405a-4b85-b004-576d5306c65f",
      "title": "",
      "fullFile": "cypress/e2e/SignupForm.cy.js",
      "file": "cypress/e2e/SignupForm.cy.js",
      "beforeHooks": [],
      "afterHooks": [],
      "tests": [],
      "suites": [
        {
          "uuid": "2c85af85-ca0e-47db-9e66-628abbd63324",
          "title": "Signup Form",
          "fullFile": "",
          "file": "",
          "beforeHooks": [],
          "afterHooks": [],
          "tests": [
            {
              "title": "signs up successfully with valid data",
              "fullTitle": "Signup Form signs up successfully with valid data",
              "timedOut": null,
              "duration": 5568,
              "state": "failed",
              "speed": null,
              "pass": false,
              "fail": true,
              "pending": false,
              "context": null,
              "code": "// Use fixture data for valid signup details\ncy.get('@signupData').then(signup => {\n  cy.get('#username').type(signup.validUser.username);\n  cy.get('#trainer-name').type(signup.validUser.trainerName);\n  cy.get('#password').type(signup.validUser.password);\n  cy.get('#confirm-password').type(signup.validUser.confirmPassword);\n  // Submit the form\n  cy.get('button[type=submit]').click();\n  // Check if redirected to the party page\n  cy.url().should('include', '/party');\n});",
              "err": {
                "message": "AssertionError: Timed out retrying after 4000ms: expected 'https://dev.poketrails.com/signup' to include '/party'",
                "estack": "AssertionError: Timed out retrying after 4000ms: expected 'https://dev.poketrails.com/signup' to include '/party'\n    at Context.eval (webpack://poketrails-frontend/./cypress/e2e/SignupForm.cy.js:22:17)",
                "diff": null
              },
              "uuid": "dfbf51c2-23a4-4dfe-bace-fddc6494c962",
              "parentUUID": "2c85af85-ca0e-47db-9e66-628abbd63324",
              "isHook": false,
              "skipped": false
            },
            {
              "title": "shows an error message when passwords do not match",
              "fullTitle": "Signup Form shows an error message when passwords do not match",
              "timedOut": null,
              "duration": 1380,
              "state": "passed",
              "speed": "fast",
              "pass": true,
              "fail": false,
              "pending": false,
              "context": null,
              "code": "// Use fixture data for mismatched passwords\ncy.get('@signupData').then(signup => {\n  cy.get('#username').type(signup.validUser.username);\n  cy.get('#trainer-name').type(signup.validUser.trainerName);\n  cy.get('#password').type(signup.validUser.password);\n  cy.get('#confirm-password').type(signup.invalidUser.mismatchedPassword);\n  // Submit the form\n  cy.get('button[type=submit]').click();\n  // Check if an error message is displayed\n  cy.contains('Passwords do not match. Please try again').should('be.visible');\n});",
              "err": {},
              "uuid": "80b8040b-6937-46fa-a978-cefe698a7260",
              "parentUUID": "2c85af85-ca0e-47db-9e66-628abbd63324",
              "isHook": false,
              "skipped": false
            },
            {
              "title": "shows an error message when username is already taken",
              "fullTitle": "Signup Form shows an error message when username is already taken",
              "timedOut": null,
              "duration": 1926,
              "state": "passed",
              "speed": "fast",
              "pass": true,
              "fail": false,
              "pending": false,
              "context": null,
              "code": "// Use fixture data for a username that already exists\ncy.get('@signupData').then(signup => {\n  cy.get('#username').type(signup.existingUser.username);\n  cy.get('#trainer-name').type(signup.existingUser.trainerName);\n  cy.get('#password').type(signup.existingUser.password);\n  cy.get('#confirm-password').type(signup.existingUser.confirmPassword);\n  // Submit the form\n  cy.get('button[type=submit]').click();\n  // Check if an error message is displayed\n  cy.contains('Error: User with this username already exists').should('be.visible');\n});",
              "err": {},
              "uuid": "7b77805a-10a9-4afb-a34f-cd757fffb2c3",
              "parentUUID": "2c85af85-ca0e-47db-9e66-628abbd63324",
              "isHook": false,
              "skipped": false
            }
          ],
          "suites": [],
          "passes": [
            "80b8040b-6937-46fa-a978-cefe698a7260",
            "7b77805a-10a9-4afb-a34f-cd757fffb2c3"
          ],
          "failures": [
            "dfbf51c2-23a4-4dfe-bace-fddc6494c962"
          ],
          "pending": [],
          "skipped": [],
          "duration": 8874,
          "root": false,
          "rootEmpty": false,
          "_timeout": 2000
        }
      ],
      "passes": [],
      "failures": [],
      "pending": [],
      "skipped": [],
      "duration": 0,
      "root": true,
      "rootEmpty": true,
      "_timeout": 2000
    }
  ],
  "meta": {
    "mocha": {
      "version": "7.0.1"
    },
    "mochawesome": {
      "options": {
        "quiet": false,
        "reportFilename": "mochawesome",
        "saveHtml": false,
        "saveJson": true,
        "consoleReporter": "spec",
        "useInlineDiffs": false,
        "code": true
      },
      "version": "7.1.3"
    },
    "marge": {
      "options": {
        "reportDir": "cypress/report/mochawesome-report",
        "charts": true,
        "overwrite": false,
        "html": false,
        "json": true
      },
      "version": "6.2.0"
    }
  }
}