{
  "stats": {
    "suites": 1,
    "tests": 2,
    "passes": 2,
    "pending": 0,
    "failures": 0,
    "start": "2024-08-11T09:30:11.679Z",
    "end": "2024-08-11T09:30:16.079Z",
    "duration": 4400,
    "testsRegistered": 2,
    "passPercent": 100,
    "pendingPercent": 0,
    "other": 0,
    "hasOther": false,
    "skipped": 0,
    "hasSkipped": false
  },
  "results": [
    {
      "uuid": "a78376a2-358b-4393-9312-fd09c4e0f518",
      "title": "",
      "fullFile": "cypress/e2e/MenuItem.cy.js",
      "file": "cypress/e2e/MenuItem.cy.js",
      "beforeHooks": [],
      "afterHooks": [],
      "tests": [],
      "suites": [
        {
          "uuid": "095fe453-7bf1-416b-b982-058a8088d58d",
          "title": "MenuItem Component",
          "fullFile": "",
          "file": "",
          "beforeHooks": [],
          "afterHooks": [],
          "tests": [
            {
              "title": "renders menu items with correct images and alt text",
              "fullTitle": "MenuItem Component renders menu items with correct images and alt text",
              "timedOut": null,
              "duration": 1837,
              "state": "passed",
              "speed": "fast",
              "pass": true,
              "fail": false,
              "pending": false,
              "context": null,
              "code": "cy.get('img[alt=\"Party Page Icon\"]').should('be.visible');\ncy.get('img[alt=\"Trail page icon\"]').should('be.visible');\ncy.get('img[alt=\"Store Page Icon\"]').should('be.visible');\ncy.get('img[alt=\"Pokédex Page Icon\"]').should('be.visible');",
              "err": {},
              "uuid": "3e6b1387-4d9d-4c52-bbdd-451135bc6aba",
              "parentUUID": "095fe453-7bf1-416b-b982-058a8088d58d",
              "isHook": false,
              "skipped": false
            },
            {
              "title": "buttons navigate to correct paths",
              "fullTitle": "MenuItem Component buttons navigate to correct paths",
              "timedOut": null,
              "duration": 1658,
              "state": "passed",
              "speed": "fast",
              "pass": true,
              "fail": false,
              "pending": false,
              "context": null,
              "code": "cy.contains('Party').click();\ncy.url().should('include', '/party');\ncy.visit('https://dev.poketrails.com/home'); // Go back to the home page\ncy.contains('Trails').click();\ncy.url().should('include', '/trails');",
              "err": {},
              "uuid": "2af6c477-02f6-4070-aa81-7a7ef716873e",
              "parentUUID": "095fe453-7bf1-416b-b982-058a8088d58d",
              "isHook": false,
              "skipped": false
            }
          ],
          "suites": [],
          "passes": [
            "3e6b1387-4d9d-4c52-bbdd-451135bc6aba",
            "2af6c477-02f6-4070-aa81-7a7ef716873e"
          ],
          "failures": [],
          "pending": [],
          "skipped": [],
          "duration": 3495,
          "root": false,
          "rootEmpty": false,
          "_timeout": 2000
        }
      ],
      "passes": [],
      "failures": [],
      "pending": [],
      "skipped": [],
      "duration": 0,
      "root": true,
      "rootEmpty": true,
      "_timeout": 2000
    }
  ],
  "meta": {
    "mocha": {
      "version": "7.0.1"
    },
    "mochawesome": {
      "options": {
        "quiet": false,
        "reportFilename": "mochawesome",
        "saveHtml": false,
        "saveJson": true,
        "consoleReporter": "spec",
        "useInlineDiffs": false,
        "code": true
      },
      "version": "7.1.3"
    },
    "marge": {
      "options": {
        "reportDir": "cypress/report/mochawesome-report",
        "charts": true,
        "overwrite": false,
        "html": false,
        "json": true
      },
      "version": "6.2.0"
    }
  }
}