{
  "stats": {
    "suites": 1,
    "tests": 2,
    "passes": 2,
    "pending": 0,
    "failures": 0,
    "start": "2024-08-11T09:30:06.790Z",
    "end": "2024-08-11T09:30:10.688Z",
    "duration": 3898,
    "testsRegistered": 2,
    "passPercent": 100,
    "pendingPercent": 0,
    "other": 0,
    "hasOther": false,
    "skipped": 0,
    "hasSkipped": false
  },
  "results": [
    {
      "uuid": "e9e1d751-30cf-4dbf-acf0-9a33be4996bf",
      "title": "",
      "fullFile": "cypress/e2e/LoginForm.cy.js",
      "file": "cypress/e2e/LoginForm.cy.js",
      "beforeHooks": [],
      "afterHooks": [],
      "tests": [],
      "suites": [
        {
          "uuid": "e19bcf2f-5849-4f6f-a88d-68608a9b2a2b",
          "title": "Login Form",
          "fullFile": "",
          "file": "",
          "beforeHooks": [],
          "afterHooks": [],
          "tests": [
            {
              "title": "logs in successfully with valid credentials",
              "fullTitle": "Login Form logs in successfully with valid credentials",
              "timedOut": null,
              "duration": 1825,
              "state": "passed",
              "speed": "fast",
              "pass": true,
              "fail": false,
              "pending": false,
              "context": null,
              "code": "// Use fixture data for valid credentials\ncy.get('@loginData').then(login => {\n  cy.get('#username').type(login.validUser.username);\n  cy.get('#password').type(login.validUser.password);\n  // Submit the form\n  cy.get('button[type=submit]').click();\n  // Check if redirected to the home page\n  cy.url().should('include', '/home');\n});",
              "err": {},
              "uuid": "6eb42e16-d7a9-421a-928c-ca7320b1ef1f",
              "parentUUID": "e19bcf2f-5849-4f6f-a88d-68608a9b2a2b",
              "isHook": false,
              "skipped": false
            },
            {
              "title": "shows an error message on login failure",
              "fullTitle": "Login Form shows an error message on login failure",
              "timedOut": null,
              "duration": 1167,
              "state": "passed",
              "speed": "fast",
              "pass": true,
              "fail": false,
              "pending": false,
              "context": null,
              "code": "// Use fixture data for invalid credentials\ncy.get('@loginData').then(login => {\n  cy.get('#username').type(login.invalidUser.username);\n  cy.get('#password').type(login.invalidUser.password);\n  // Submit the form\n  cy.get('button[type=submit]').click();\n  // Check if an error message is displayed\n  cy.contains('Error: Incorrect username or password').should('be.visible');\n});",
              "err": {},
              "uuid": "4b644f36-ff55-48a9-b06d-8c1ea9f90b0d",
              "parentUUID": "e19bcf2f-5849-4f6f-a88d-68608a9b2a2b",
              "isHook": false,
              "skipped": false
            }
          ],
          "suites": [],
          "passes": [
            "6eb42e16-d7a9-421a-928c-ca7320b1ef1f",
            "4b644f36-ff55-48a9-b06d-8c1ea9f90b0d"
          ],
          "failures": [],
          "pending": [],
          "skipped": [],
          "duration": 2992,
          "root": false,
          "rootEmpty": false,
          "_timeout": 2000
        }
      ],
      "passes": [],
      "failures": [],
      "pending": [],
      "skipped": [],
      "duration": 0,
      "root": true,
      "rootEmpty": true,
      "_timeout": 2000
    }
  ],
  "meta": {
    "mocha": {
      "version": "7.0.1"
    },
    "mochawesome": {
      "options": {
        "quiet": false,
        "reportFilename": "mochawesome",
        "saveHtml": false,
        "saveJson": true,
        "consoleReporter": "spec",
        "useInlineDiffs": false,
        "code": true
      },
      "version": "7.1.3"
    },
    "marge": {
      "options": {
        "reportDir": "cypress/report/mochawesome-report",
        "charts": true,
        "overwrite": false,
        "html": false,
        "json": true
      },
      "version": "6.2.0"
    }
  }
}